==================================================
Algorithm: Ditto
Dataset: cifar10
Number of classes: 10
Total number of clients: 10
Global rounds: 100
Backbone: dnn
Attackers: 4
Ditto lambda: 1.0
Local batch size: 10
Local steps: 1
Local learing rate: 0.005
Local learing rate decay: False
Clients join in each round: 1.0
Clients randomly join: False
Client drop rate: 0.0
Client select regarding time: False
Running times: 1
Using device: cuda
Using DP: False
Auto break: False
Cuda device id: 0
DLG attack: False
Total number of new clients: 0
Fine tuning epoches on new clients: 0
==================================================

============= Running time: 0th =============
Creating server and clients ...
DNN(
  (fc1): Linear(in_features=60, out_features=20, bias=True)
  (fc): Linear(in_features=20, out_features=10, bias=True)
)

Join ratio / total clients: 1.0 / 10
Finished creating server and clients.

-------------Round number: 0-------------

Evaluate global models
Traceback (most recent call last):
  File "main.py", line 515, in <module>
    run(args)
  File "main.py", line 319, in run
    server.train()
  File "E:\Documents\GitHub\PFL-Non-IID\system\flcore\servers\serverditto.py", line 35, in train
    self.evaluate()
  File "E:\Documents\GitHub\PFL-Non-IID\system\flcore\servers\serverbase.py", line 262, in evaluate
    stats = self.test_metrics()
  File "E:\Documents\GitHub\PFL-Non-IID\system\flcore\servers\serverbase.py", line 229, in test_metrics
    ct, ns, auc = c.test_metrics()
  File "E:\Documents\GitHub\PFL-Non-IID\system\flcore\clients\clientbase.py", line 106, in test_metrics
    output = self.model(x)
  File "D:\Software\Anaconda\envs\pfl\lib\site-packages\torch\nn\modules\module.py", line 1194, in _call_impl
    return forward_call(*input, **kwargs)
  File "E:\Documents\GitHub\PFL-Non-IID\system\flcore\trainmodel\models.py", line 262, in forward
    x = F.relu(self.fc1(x))
  File "D:\Software\Anaconda\envs\pfl\lib\site-packages\torch\nn\modules\module.py", line 1194, in _call_impl
    return forward_call(*input, **kwargs)
  File "D:\Software\Anaconda\envs\pfl\lib\site-packages\torch\nn\modules\linear.py", line 114, in forward
    return F.linear(input, self.weight, self.bias)
RuntimeError: mat1 and mat2 shapes cannot be multiplied (10x3072 and 60x20)
