==================================================
Algorithm: Ditto
Dataset: cifar10
Number of classes: 10
Total number of clients: 20
Global rounds: 100
Backbone: cnn
Attackers: 6
Ditto lambda: 1.0
Local batch size: 10
Local steps: 1
Local learing rate: 0.005
Local learing rate decay: False
Clients join in each round: 1.0
Clients randomly join: False
Client drop rate: 0.0
Client select regarding time: False
Running times: 1
Using device: cuda
Using DP: False
Auto break: False
Cuda device id: 0
DLG attack: False
Total number of new clients: 0
Fine tuning epoches on new clients: 0
==================================================

============= Running time: 0th =============
Creating server and clients ...
FedAvgCNN(
  (conv1): Sequential(
    (0): Conv2d(3, 32, kernel_size=(5, 5), stride=(1, 1))
    (1): ReLU(inplace=True)
    (2): MaxPool2d(kernel_size=(2, 2), stride=(2, 2), padding=0, dilation=1, ceil_mode=False)
  )
  (conv2): Sequential(
    (0): Conv2d(32, 64, kernel_size=(5, 5), stride=(1, 1))
    (1): ReLU(inplace=True)
    (2): MaxPool2d(kernel_size=(2, 2), stride=(2, 2), padding=0, dilation=1, ceil_mode=False)
  )
  (fc1): Sequential(
    (0): Linear(in_features=1600, out_features=512, bias=True)
    (1): ReLU(inplace=True)
  )
  (fc): Linear(in_features=512, out_features=10, bias=True)
)

Join ratio / total clients: 1.0 / 20
Finished creating server and clients.

-------------Round number: 0-------------

Evaluate global models
y: tensor([3, 3, 2, 2, 0, 2, 3, 2, 2, 2], device='cuda:0')
test acc + : 0
y.shape[0]: 10
Traceback (most recent call last):
  File "main.py", line 515, in <module>
    run(args)
  File "main.py", line 319, in run
    server.train()
  File "E:\Documents\GitHub\PFL-Non-IID\system\flcore\servers\serverditto.py", line 35, in train
    self.evaluate()
  File "E:\Documents\GitHub\PFL-Non-IID\system\flcore\servers\serverbase.py", line 262, in evaluate
    stats = self.test_metrics()
  File "E:\Documents\GitHub\PFL-Non-IID\system\flcore\servers\serverbase.py", line 229, in test_metrics
    ct, ns, auc = c.test_metrics()
  File "E:\Documents\GitHub\PFL-Non-IID\system\flcore\clients\clientbase.py", line 127, in test_metrics
    y_prob = np.concatenate(y_prob, axis=0)
  File "<__array_function__ internals>", line 6, in concatenate
ValueError: need at least one array to concatenate
