==================================================
Algorithm: Ditto
Attackers: 4
Local batch size: 10
Local steps: 1
Local learing rate: 0.005
Local learing rate decay: False
Total number of clients: 10
Clients join in each round: 1.0
Clients randomly join: False
Client drop rate: 0.0
Client select regarding time: False
Running times: 1
Dataset: mnist
Number of classes: 10
Backbone: cnn
Using device: cuda
Using DP: False
Auto break: False
Global rounds: 20
Cuda device id: 0
DLG attack: False
Total number of new clients: 0
Fine tuning epoches on new clients: 0
==================================================

============= Running time: 0th =============
Creating server and clients ...
FedAvgCNN(
  (conv1): Sequential(
    (0): Conv2d(1, 32, kernel_size=(5, 5), stride=(1, 1))
    (1): ReLU(inplace=True)
    (2): MaxPool2d(kernel_size=(2, 2), stride=(2, 2), padding=0, dilation=1, ceil_mode=False)
  )
  (conv2): Sequential(
    (0): Conv2d(32, 64, kernel_size=(5, 5), stride=(1, 1))
    (1): ReLU(inplace=True)
    (2): MaxPool2d(kernel_size=(2, 2), stride=(2, 2), padding=0, dilation=1, ceil_mode=False)
  )
  (fc1): Sequential(
    (0): Linear(in_features=1024, out_features=512, bias=True)
    (1): ReLU(inplace=True)
  )
  (fc): Linear(in_features=512, out_features=10, bias=True)
)

Join ratio / total clients: 1.0 / 10
Finished creating server and clients.

-------------Round number: 0-------------

Evaluate global models
Averaged Train Loss: 2.3046
Averaged Test Accurancy: 0.0806    Std Test Accurancy: 0.0636

Evaluate personalized models
Averaged Train Loss: 2.3046
Averaged Test Accurancy: 0.0806    Std Test Accurancy: 0.0636
------------------------- time cost ------------------------- 37.87778115272522

-------------Round number: 1-------------

Evaluate global models
Averaged Train Loss: 2.1370
Averaged Test Accurancy: 0.4993    Std Test Accurancy: 0.3616

Evaluate personalized models
Averaged Train Loss: 3.4186
Averaged Test Accurancy: 0.9514    Std Test Accurancy: 0.0960
------------------------- time cost ------------------------- 39.45531415939331

-------------Round number: 2-------------

Evaluate global models
Averaged Train Loss: 2.0521
Averaged Test Accurancy: 0.4983    Std Test Accurancy: 0.3833

Evaluate personalized models
Averaged Train Loss: 4.8804
Averaged Test Accurancy: 0.9660    Std Test Accurancy: 0.0833
------------------------- time cost ------------------------- 39.342336654663086

-------------Round number: 3-------------

Evaluate global models
Averaged Train Loss: 2.0079
Averaged Test Accurancy: 0.5204    Std Test Accurancy: 0.3790

Evaluate personalized models
Averaged Train Loss: 5.7968
Averaged Test Accurancy: 0.9734    Std Test Accurancy: 0.0697
------------------------- time cost ------------------------- 39.22299385070801

-------------Round number: 4-------------

Evaluate global models
Averaged Train Loss: 1.9987
Averaged Test Accurancy: 0.5355    Std Test Accurancy: 0.3760

Evaluate personalized models
Averaged Train Loss: 6.3684
Averaged Test Accurancy: 0.9783    Std Test Accurancy: 0.0568
------------------------- time cost ------------------------- 38.896599531173706

-------------Round number: 5-------------

Evaluate global models
Averaged Train Loss: 1.9872
Averaged Test Accurancy: 0.5421    Std Test Accurancy: 0.3722

Evaluate personalized models
Averaged Train Loss: 6.7269
Averaged Test Accurancy: 0.9820    Std Test Accurancy: 0.0392
------------------------- time cost ------------------------- 39.25817942619324

-------------Round number: 6-------------

Evaluate global models
Averaged Train Loss: 1.9838
Averaged Test Accurancy: 0.5404    Std Test Accurancy: 0.3734

Evaluate personalized models
Averaged Train Loss: 6.9493
Averaged Test Accurancy: 0.9845    Std Test Accurancy: 0.0291
------------------------- time cost ------------------------- 39.336976051330566

-------------Round number: 7-------------

Evaluate global models
Averaged Train Loss: 1.9795
Averaged Test Accurancy: 0.5489    Std Test Accurancy: 0.3709

Evaluate personalized models
Averaged Train Loss: 7.0894
Averaged Test Accurancy: 0.9858    Std Test Accurancy: 0.0223
------------------------- time cost ------------------------- 38.39038634300232

-------------Round number: 8-------------

Evaluate global models
Averaged Train Loss: 1.9784
Averaged Test Accurancy: 0.5543    Std Test Accurancy: 0.3707

Evaluate personalized models
Averaged Train Loss: 7.1799
Averaged Test Accurancy: 0.9867    Std Test Accurancy: 0.0190
------------------------- time cost ------------------------- 34.53117346763611

-------------Round number: 9-------------

Evaluate global models
Averaged Train Loss: 1.9816
Averaged Test Accurancy: 0.5507    Std Test Accurancy: 0.3714

Evaluate personalized models
Averaged Train Loss: 7.2391
Averaged Test Accurancy: 0.9873    Std Test Accurancy: 0.0185
------------------------- time cost ------------------------- 25.411884546279907

-------------Round number: 10-------------

Evaluate global models
Averaged Train Loss: 1.9748
Averaged Test Accurancy: 0.5492    Std Test Accurancy: 0.3710

Evaluate personalized models
Averaged Train Loss: 7.2768
Averaged Test Accurancy: 0.9879    Std Test Accurancy: 0.0187
------------------------- time cost ------------------------- 25.062395572662354

-------------Round number: 11-------------

Evaluate global models
Averaged Train Loss: 1.9766
Averaged Test Accurancy: 0.5560    Std Test Accurancy: 0.3702

Evaluate personalized models
Averaged Train Loss: 7.3015
Averaged Test Accurancy: 0.9882    Std Test Accurancy: 0.0188
------------------------- time cost ------------------------- 24.939044713974

-------------Round number: 12-------------

Evaluate global models
Averaged Train Loss: 1.9733
Averaged Test Accurancy: 0.5565    Std Test Accurancy: 0.3709

Evaluate personalized models
Averaged Train Loss: 7.3190
Averaged Test Accurancy: 0.9887    Std Test Accurancy: 0.0164
------------------------- time cost ------------------------- 25.331573486328125

-------------Round number: 13-------------

Evaluate global models
Averaged Train Loss: 1.9743
Averaged Test Accurancy: 0.5559    Std Test Accurancy: 0.3717

Evaluate personalized models
Averaged Train Loss: 7.3327
Averaged Test Accurancy: 0.9897    Std Test Accurancy: 0.0152
------------------------- time cost ------------------------- 25.570877075195312

-------------Round number: 14-------------

Evaluate global models
Averaged Train Loss: 1.9773
Averaged Test Accurancy: 0.5534    Std Test Accurancy: 0.3693

Evaluate personalized models
Averaged Train Loss: 7.3432
Averaged Test Accurancy: 0.9899    Std Test Accurancy: 0.0144
------------------------- time cost ------------------------- 25.820626497268677

-------------Round number: 15-------------

Evaluate global models
Averaged Train Loss: 1.9777
Averaged Test Accurancy: 0.5541    Std Test Accurancy: 0.3710

Evaluate personalized models
Averaged Train Loss: 7.3518
Averaged Test Accurancy: 0.9900    Std Test Accurancy: 0.0145
------------------------- time cost ------------------------- 25.963794708251953

-------------Round number: 16-------------

Evaluate global models
Averaged Train Loss: 1.9763
Averaged Test Accurancy: 0.5590    Std Test Accurancy: 0.3684

Evaluate personalized models
Averaged Train Loss: 7.3587
Averaged Test Accurancy: 0.9901    Std Test Accurancy: 0.0132
------------------------- time cost ------------------------- 25.466840505599976

-------------Round number: 17-------------

Evaluate global models
Averaged Train Loss: 1.9739
Averaged Test Accurancy: 0.5602    Std Test Accurancy: 0.3694

Evaluate personalized models
Averaged Train Loss: 7.3637
Averaged Test Accurancy: 0.9902    Std Test Accurancy: 0.0133
------------------------- time cost ------------------------- 25.69133472442627

-------------Round number: 18-------------

Evaluate global models
Averaged Train Loss: 1.9770
Averaged Test Accurancy: 0.5583    Std Test Accurancy: 0.3696

Evaluate personalized models
Averaged Train Loss: 7.3713
Averaged Test Accurancy: 0.9905    Std Test Accurancy: 0.0126
------------------------- time cost ------------------------- 25.47912335395813

-------------Round number: 19-------------

Evaluate global models
Averaged Train Loss: 1.9779
Averaged Test Accurancy: 0.5563    Std Test Accurancy: 0.3695

Evaluate personalized models
Averaged Train Loss: 7.3757
Averaged Test Accurancy: 0.9907    Std Test Accurancy: 0.0126
------------------------- time cost ------------------------- 25.713995695114136

-------------Round number: 20-------------

Evaluate global models
Averaged Train Loss: 1.9740
Averaged Test Accurancy: 0.5563    Std Test Accurancy: 0.3692

Evaluate personalized models
Averaged Train Loss: 7.3809
Averaged Test Accurancy: 0.9910    Std Test Accurancy: 0.0119
------------------------- time cost ------------------------- 26.362847328186035

Best accuracy.
0.990982528649258

Average time cost per round.
30.76241488456726
File path: E:/Documents/GitHub/results/mnist_Ditto_decay_attackers_5_0.h5

Average time cost: 876.81s.
Traceback (most recent call last):
  File "main.py", line 514, in <module>
    run(args)
  File "main.py", line 327, in run
    average_data(dataset=args.dataset, algorithm=args.algorithm, goal=args.goal, times=args.times)
  File "E:\Documents\GitHub\PFL-Non-IID\system\utils\result_utils.py", line 7, in average_data
    test_acc = get_all_results_for_one_algo(algorithm, dataset, goal, times)
  File "E:\Documents\GitHub\PFL-Non-IID\system\utils\result_utils.py", line 22, in get_all_results_for_one_algo
    test_acc.append(np.array(read_data_then_delete(file_name, delete=False)))
  File "E:\Documents\GitHub\PFL-Non-IID\system\utils\result_utils.py", line 30, in read_data_then_delete
    with h5py.File(file_path, 'r') as hf:
  File "D:\Software\Anaconda\envs\pfl\lib\site-packages\h5py\_hl\files.py", line 533, in __init__
    fid = make_fid(name, mode, userblock_size, fapl, fcpl, swmr=swmr)
  File "D:\Software\Anaconda\envs\pfl\lib\site-packages\h5py\_hl\files.py", line 226, in make_fid
    fid = h5f.open(name, flags, fapl=fapl)
  File "h5py\_objects.pyx", line 54, in h5py._objects.with_phil.wrapper
  File "h5py\_objects.pyx", line 55, in h5py._objects.with_phil.wrapper
  File "h5py\h5f.pyx", line 106, in h5py.h5f.open
FileNotFoundError: [Errno 2] Unable to open file (unable to open file: name = '../results/mnist_Ditto_decay_attackers_5_0.h5', errno = 2, error message = 'No such file or directory', flags = 0, o_flags = 0)
