==================================================
Algorithm: Ditto
Local batch size: 10
Local steps: 1
Local learing rate: 0.005
Local learing rate decay: False
Total number of clients: 10
Clients join in each round: 1.0
Clients randomly join: False
Client drop rate: 0.0
Client select regarding time: False
Running times: 1
Dataset: mnist
Number of classes: 10
Backbone: cnn
Using device: cuda
Using DP: False
Auto break: False
Global rounds: 20
Cuda device id: 0
DLG attack: False
Total number of new clients: 0
Fine tuning epoches on new clients: 0
==================================================

============= Running time: 0th =============
Creating server and clients ...
FedAvgCNN(
  (conv1): Sequential(
    (0): Conv2d(1, 32, kernel_size=(5, 5), stride=(1, 1))
    (1): ReLU(inplace=True)
    (2): MaxPool2d(kernel_size=(2, 2), stride=(2, 2), padding=0, dilation=1, ceil_mode=False)
  )
  (conv2): Sequential(
    (0): Conv2d(32, 64, kernel_size=(5, 5), stride=(1, 1))
    (1): ReLU(inplace=True)
    (2): MaxPool2d(kernel_size=(2, 2), stride=(2, 2), padding=0, dilation=1, ceil_mode=False)
  )
  (fc1): Sequential(
    (0): Linear(in_features=1024, out_features=512, bias=True)
    (1): ReLU(inplace=True)
  )
  (fc): Linear(in_features=512, out_features=10, bias=True)
)
Traceback (most recent call last):
  File "main.py", line 513, in <module>
    run(args)
  File "main.py", line 223, in run
    server = Ditto(args, i)
  File "E:\Documents\GitHub\PFL-Non-IID\system\flcore\servers\serverditto.py", line 11, in __init__
    super().__init__(args, times)
  File "E:\Documents\GitHub\PFL-Non-IID\system\flcore\servers\serverbase.py", line 20, in __init__
    self.mcnum = args.mcnum
AttributeError: 'Namespace' object has no attribute 'mcnum'
